<?xml version="1.0" encoding="UTF-8"?>
<testng-results ignored="0" total="1" passed="1" failed="0" skipped="0">
  <reporter-output>
  </reporter-output>
  <suite started-at="2023-01-29T09:44:14 CET" name="Command line suite" finished-at="2023-01-29T09:44:20 CET" duration-ms="6420">
    <groups>
    </groups>
    <test started-at="2023-01-29T09:44:14 CET" name="Command line test" finished-at="2023-01-29T09:44:20 CET" duration-ms="6420">
      <class name="SeleniumTest">
        <test-method is-config="true" signature="setUp()[pri:0, instance:SeleniumTest@2aa5fe93]" started-at="2023-01-29T09:44:14 CET" name="setUp" finished-at="2023-01-29T09:44:15 CET" duration-ms="1099" status="PASS">
          <reporter-output>
          </reporter-output>
        </test-method> <!-- setUp -->
        <test-method signature="test1()[pri:0, instance:SeleniumTest@2aa5fe93]" started-at="2023-01-29T09:44:15 CET" name="test1" finished-at="2023-01-29T09:44:20 CET" duration-ms="5183" status="PASS">
          <reporter-output>
          </reporter-output>
        </test-method> <!-- test1 -->
        <test-method is-config="true" signature="tearDown()[pri:0, instance:SeleniumTest@2aa5fe93]" started-at="2023-01-29T09:44:20 CET" name="tearDown" finished-at="2023-01-29T09:44:20 CET" duration-ms="121" status="PASS">
          <reporter-output>
          </reporter-output>
        </test-method> <!-- tearDown -->
      </class> <!-- SeleniumTest -->
    </test> <!-- Command line test -->
  </suite> <!-- Command line suite -->
</testng-results>
